org.eclipse.core.runtime.CoreException: 
	at dclsuite.core.DependencyConstraint.validateCannot(DependencyConstraint.java:74)
	at dclsuite.core.DependencyConstraint.validate(DependencyConstraint.java:38)
	at dclsuite.builder.DCLBuilder.check(DCLBuilder.java:205)
	at dclsuite.builder.DCLBuilder.access$0(DCLBuilder.java:174)
	at dclsuite.builder.DCLBuilder$FullBuildVisitor.visit(DCLBuilder.java:167)
	at org.eclipse.core.internal.resources.Resource$2.visit(Resource.java:126)
	at org.eclipse.core.internal.resources.Resource$1.visitElement(Resource.java:85)
	at org.eclipse.core.internal.watson.ElementTreeIterator.doIteration(ElementTreeIterator.java:82)
	at org.eclipse.core.internal.watson.ElementTreeIterator.doIteration(ElementTreeIterator.java:86)
	at org.eclipse.core.internal.watson.ElementTreeIterator.doIteration(ElementTreeIterator.java:86)
	at org.eclipse.core.internal.watson.ElementTreeIterator.doIteration(ElementTreeIterator.java:86)
	at org.eclipse.core.internal.watson.ElementTreeIterator.doIteration(ElementTreeIterator.java:86)
	at org.eclipse.core.internal.watson.ElementTreeIterator.iterate(ElementTreeIterator.java:127)
	at org.eclipse.core.internal.resources.Resource.accept(Resource.java:95)
	at org.eclipse.core.internal.resources.Resource.accept(Resource.java:52)
	at org.eclipse.core.internal.resources.Resource.accept(Resource.java:124)
	at org.eclipse.core.internal.resources.Resource.accept(Resource.java:108)
	at dclsuite.builder.DCLBuilder.incrementalBuild(DCLBuilder.java:113)
	at dclsuite.builder.DCLBuilder.build(DCLBuilder.java:59)
	at org.eclipse.core.internal.events.BuildManager$2.run(BuildManager.java:734)
	at org.eclipse.core.runtime.SafeRunner.run(SafeRunner.java:42)
	at org.eclipse.core.internal.events.BuildManager.basicBuild(BuildManager.java:206)
	at org.eclipse.core.internal.events.BuildManager.basicBuild(BuildManager.java:246)
	at org.eclipse.core.internal.events.BuildManager$1.run(BuildManager.java:299)
	at org.eclipse.core.runtime.SafeRunner.run(SafeRunner.java:42)
	at org.eclipse.core.internal.events.BuildManager.basicBuild(BuildManager.java:302)
	at org.eclipse.core.internal.events.BuildManager.basicBuildLoop(BuildManager.java:358)
	at org.eclipse.core.internal.events.BuildManager.build(BuildManager.java:381)
	at org.eclipse.core.internal.events.AutoBuildJob.doBuild(AutoBuildJob.java:143)
	at org.eclipse.core.internal.events.AutoBuildJob.run(AutoBuildJob.java:241)
	at org.eclipse.core.internal.jobs.Worker.run(Worker.java:54)
